# JRE version: Java(TM) SE Runtime Environment (8.0_40-b25) (build 1.8.0_40-b25)
# Java VM: Java HotSpot(TM) 64-Bit Server VM (25.40-b25 mixed mode windows-amd64 compressed oops)
Heap:
 PSYoungGen      total 81920K, used 6895K [0x00000000d5d80000, 0x00000000db700000, 0x0000000100000000)
  eden space 74240K, 9% used [0x00000000d5d80000,0x00000000d643bdf0,0x00000000da600000)
  from space 7680K, 0% used [0x00000000dae00000,0x00000000dae00000,0x00000000db580000)
  to   space 8192K, 0% used [0x00000000da600000,0x00000000da600000,0x00000000dae00000)
 ParOldGen       total 82944K, used 42195K [0x0000000081800000, 0x0000000086900000, 0x00000000d5d80000)
  object space 82944K, 50% used [0x0000000081800000,0x0000000084134c48,0x0000000086900000)
 Metaspace       used 19676K, capacity 19982K, committed 20352K, reserved 1067008K
  class space    used 2323K, capacity 2428K, committed 2432K, reserved 1048576K
GC Heap History (10 events):
Event: 662.320 GC heap before
{Heap before GC invocations=212 (full 3):
 PSYoungGen      total 74240K, used 72244K [0x00000000d5d80000, 0x00000000db080000, 0x0000000100000000)
  eden space 67584K, 100% used [0x00000000d5d80000,0x00000000d9f80000,0x00000000d9f80000)
  from space 6656K, 70% used [0x00000000daa00000,0x00000000dae8d050,0x00000000db080000)
  to   space 8704K, 0% used [0x00000000d9f80000,0x00000000d9f80000,0x00000000da800000)
 ParOldGen       total 83456K, used 80211K [0x0000000081800000, 0x0000000086980000, 0x00000000d5d80000)
  object space 83456K, 96% used [0x0000000081800000,0x0000000086654ed8,0x0000000086980000)
 Metaspace       used 19676K, capacity 19982K, committed 20352K, reserved 1067008K
  class space    used 2323K, capacity 2428K, committed 2432K, reserved 1048576K
Event: 662.324 GC heap after
Heap after GC invocations=212 (full 3):
 PSYoungGen      total 70656K, used 4628K [0x00000000d5d80000, 0x00000000dad80000, 0x0000000100000000)
  eden space 65536K, 0% used [0x00000000d5d80000,0x00000000d5d80000,0x00000000d9d80000)
  from space 5120K, 90% used [0x00000000d9f80000,0x00000000da405050,0x00000000da480000)
  to   space 8192K, 0% used [0x00000000da580000,0x00000000da580000,0x00000000dad80000)
 ParOldGen       total 83456K, used 80211K [0x0000000081800000, 0x0000000086980000, 0x00000000d5d80000)
  object space 83456K, 96% used [0x0000000081800000,0x0000000086654ed8,0x0000000086980000)
 Metaspace       used 19676K, capacity 19982K, committed 20352K, reserved 1067008K
  class space    used 2323K, capacity 2428K, committed 2432K, reserved 1048576K
}
Event: 662.511 GC heap before
{Heap before GC invocations=213 (full 3):
 PSYoungGen      total 70656K, used 70164K [0x00000000d5d80000, 0x00000000dad80000, 0x0000000100000000)
  eden space 65536K, 100% used [0x00000000d5d80000,0x00000000d9d80000,0x00000000d9d80000)
  from space 5120K, 90% used [0x00000000d9f80000,0x00000000da405050,0x00000000da480000)
  to   space 8192K, 0% used [0x00000000da580000,0x00000000da580000,0x00000000dad80000)
 ParOldGen       total 83456K, used 80211K [0x0000000081800000, 0x0000000086980000, 0x00000000d5d80000)
  object space 83456K, 96% used [0x0000000081800000,0x0000000086654ed8,0x0000000086980000)
 Metaspace       used 19676K, capacity 19982K, committed 20352K, reserved 1067008K
  class space    used 2323K, capacity 2428K, committed 2432K, reserved 1048576K
Event: 662.514 GC heap after
Heap after GC invocations=213 (full 3):
 PSYoungGen      total 73728K, used 4628K [0x00000000d5d80000, 0x00000000db680000, 0x0000000100000000)
  eden space 65536K, 0% used [0x00000000d5d80000,0x00000000d5d80000,0x00000000d9d80000)
  from space 8192K, 56% used [0x00000000da580000,0x00000000daa05050,0x00000000dad80000)
  to   space 8192K, 0% used [0x00000000d9d80000,0x00000000d9d80000,0x00000000da580000)
 ParOldGen       total 83456K, used 80219K [0x0000000081800000, 0x0000000086980000, 0x00000000d5d80000)
  object space 83456K, 96% used [0x0000000081800000,0x0000000086656ed8,0x0000000086980000)
 Metaspace       used 19676K, capacity 19982K, committed 20352K, reserved 1067008K
  class space    used 2323K, capacity 2428K, committed 2432K, reserved 1048576K
}
Event: 662.721 GC heap before
{Heap before GC invocations=214 (full 3):
 PSYoungGen      total 73728K, used 70164K [0x00000000d5d80000, 0x00000000db680000, 0x0000000100000000)
  eden space 65536K, 100% used [0x00000000d5d80000,0x00000000d9d80000,0x00000000d9d80000)
  from space 8192K, 56% used [0x00000000da580000,0x00000000daa05050,0x00000000dad80000)
  to   space 8192K, 0% used [0x00000000d9d80000,0x00000000d9d80000,0x00000000da580000)
 ParOldGen       total 83456K, used 80219K [0x0000000081800000, 0x0000000086980000, 0x00000000d5d80000)
  object space 83456K, 96% used [0x0000000081800000,0x0000000086656ed8,0x0000000086980000)
 Metaspace       used 19676K, capacity 19982K, committed 20352K, reserved 1067008K
  class space    used 2323K, capacity 2428K, committed 2432K, reserved 1048576K
Event: 662.723 GC heap after
Heap after GC invocations=214 (full 3):
 PSYoungGen      total 73728K, used 3728K [0x00000000d5d80000, 0x00000000db580000, 0x0000000100000000)
  eden space 65536K, 0% used [0x00000000d5d80000,0x00000000d5d80000,0x00000000d9d80000)
  from space 8192K, 45% used [0x00000000d9d80000,0x00000000da124040,0x00000000da580000)
  to   space 7680K, 0% used [0x00000000dae00000,0x00000000dae00000,0x00000000db580000)
 ParOldGen       total 83456K, used 80227K [0x0000000081800000, 0x0000000086980000, 0x00000000d5d80000)
  object space 83456K, 96% used [0x0000000081800000,0x0000000086658ed8,0x0000000086980000)
 Metaspace       used 19676K, capacity 19982K, committed 20352K, reserved 1067008K
  class space    used 2323K, capacity 2428K, committed 2432K, reserved 1048576K
}
Event: 662.928 GC heap before
{Heap before GC invocations=215 (full 3):
 PSYoungGen      total 73728K, used 69264K [0x00000000d5d80000, 0x00000000db580000, 0x0000000100000000)
  eden space 65536K, 100% used [0x00000000d5d80000,0x00000000d9d80000,0x00000000d9d80000)
  from space 8192K, 45% used [0x00000000d9d80000,0x00000000da124040,0x00000000da580000)
  to   space 7680K, 0% used [0x00000000dae00000,0x00000000dae00000,0x00000000db580000)
 ParOldGen       total 83456K, used 80227K [0x0000000081800000, 0x0000000086980000, 0x00000000d5d80000)
  object space 83456K, 96% used [0x0000000081800000,0x0000000086658ed8,0x0000000086980000)
 Metaspace       used 19676K, capacity 19982K, committed 20352K, reserved 1067008K
  class space    used 2323K, capacity 2428K, committed 2432K, reserved 1048576K
Event: 662.931 GC heap after
Heap after GC invocations=215 (full 3):
 PSYoungGen      total 81920K, used 128K [0x00000000d5d80000, 0x00000000db700000, 0x0000000100000000)
  eden space 74240K, 0% used [0x00000000d5d80000,0x00000000d5d80000,0x00000000da600000)
  from space 7680K, 1% used [0x00000000dae00000,0x00000000dae20000,0x00000000db580000)
  to   space 8192K, 0% used [0x00000000da600000,0x00000000da600000,0x00000000dae00000)
 ParOldGen       total 84480K, used 83867K [0x0000000081800000, 0x0000000086a80000, 0x00000000d5d80000)
  object space 84480K, 99% used [0x0000000081800000,0x00000000869e6f18,0x0000000086a80000)
 Metaspace       used 19676K, capacity 19982K, committed 20352K, reserved 1067008K
  class space    used 2323K, capacity 2428K, committed 2432K, reserved 1048576K
}
Event: 662.931 GC heap before
{Heap before GC invocations=216 (full 4):
 PSYoungGen      total 81920K, used 128K [0x00000000d5d80000, 0x00000000db700000, 0x0000000100000000)
  eden space 74240K, 0% used [0x00000000d5d80000,0x00000000d5d80000,0x00000000da600000)
  from space 7680K, 1% used [0x00000000dae00000,0x00000000dae20000,0x00000000db580000)
  to   space 8192K, 0% used [0x00000000da600000,0x00000000da600000,0x00000000dae00000)
 ParOldGen       total 84480K, used 83867K [0x0000000081800000, 0x0000000086a80000, 0x00000000d5d80000)
  object space 84480K, 99% used [0x0000000081800000,0x00000000869e6f18,0x0000000086a80000)
 Metaspace       used 19676K, capacity 19982K, committed 20352K, reserved 1067008K
  class space    used 2323K, capacity 2428K, committed 2432K, reserved 1048576K
Event: 663.092 GC heap after
Heap after GC invocations=216 (full 4):
 PSYoungGen      total 81920K, used 0K [0x00000000d5d80000, 0x00000000db700000, 0x0000000100000000)
  eden space 74240K, 0% used [0x00000000d5d80000,0x00000000d5d80000,0x00000000da600000)
  from space 7680K, 0% used [0x00000000dae00000,0x00000000dae00000,0x00000000db580000)
  to   space 8192K, 0% used [0x00000000da600000,0x00000000da600000,0x00000000dae00000)
 ParOldGen       total 82944K, used 42195K [0x0000000081800000, 0x0000000086900000, 0x00000000d5d80000)
  object space 82944K, 50% used [0x0000000081800000,0x0000000084134c48,0x0000000086900000)
 Metaspace       used 19676K, capacity 19982K, committed 20352K, reserved 1067008K
  class space    used 2323K, capacity 2428K, committed 2432K, reserved 1048576K
}

