# JRE version: Java(TM) SE Runtime Environment (8.0_40-b25) (build 1.8.0_40-b25)
# Java VM: Java HotSpot(TM) 64-Bit Server VM (25.40-b25 mixed mode windows-amd64 compressed oops)
Heap:
 PSYoungGen      total 69632K, used 1109K [0x00000000d5d80000, 0x00000000daf00000, 0x0000000100000000)
  eden space 66048K, 1% used [0x00000000d5d80000,0x00000000d5e95678,0x00000000d9e00000)
  from space 3584K, 0% used [0x00000000da000000,0x00000000da000000,0x00000000da380000)
  to   space 8704K, 0% used [0x00000000da680000,0x00000000da680000,0x00000000daf00000)
 ParOldGen       total 79872K, used 44681K [0x0000000081800000, 0x0000000086600000, 0x00000000d5d80000)
  object space 79872K, 55% used [0x0000000081800000,0x00000000843a2590,0x0000000086600000)
 Metaspace       used 19942K, capacity 20238K, committed 20608K, reserved 1067008K
  class space    used 2321K, capacity 2428K, committed 2432K, reserved 1048576K
GC Heap History (10 events):
Event: 643.185 GC heap before
{Heap before GC invocations=207 (full 5):
 PSYoungGen      total 78336K, used 77988K [0x00000000d5d80000, 0x00000000db880000, 0x0000000100000000)
  eden space 74752K, 100% used [0x00000000d5d80000,0x00000000da680000,0x00000000da680000)
  from space 3584K, 90% used [0x00000000da900000,0x00000000dac29010,0x00000000dac80000)
  to   space 9216K, 0% used [0x00000000daf80000,0x00000000daf80000,0x00000000db880000)
 ParOldGen       total 84480K, used 76656K [0x0000000081800000, 0x0000000086a80000, 0x00000000d5d80000)
  object space 84480K, 90% used [0x0000000081800000,0x00000000862dc170,0x0000000086a80000)
 Metaspace       used 19942K, capacity 20238K, committed 20608K, reserved 1067008K
  class space    used 2321K, capacity 2428K, committed 2432K, reserved 1048576K
Event: 643.189 GC heap after
Heap after GC invocations=207 (full 5):
 PSYoungGen      total 77824K, used 5324K [0x00000000d5d80000, 0x00000000db500000, 0x0000000100000000)
  eden space 72192K, 0% used [0x00000000d5d80000,0x00000000d5d80000,0x00000000da400000)
  from space 5632K, 94% used [0x00000000daf80000,0x00000000db4b3030,0x00000000db500000)
  to   space 8704K, 0% used [0x00000000da400000,0x00000000da400000,0x00000000dac80000)
 ParOldGen       total 84480K, used 76680K [0x0000000081800000, 0x0000000086a80000, 0x00000000d5d80000)
  object space 84480K, 90% used [0x0000000081800000,0x00000000862e2170,0x0000000086a80000)
 Metaspace       used 19942K, capacity 20238K, committed 20608K, reserved 1067008K
  class space    used 2321K, capacity 2428K, committed 2432K, reserved 1048576K
}
Event: 644.604 GC heap before
{Heap before GC invocations=208 (full 5):
 PSYoungGen      total 77824K, used 77516K [0x00000000d5d80000, 0x00000000db500000, 0x0000000100000000)
  eden space 72192K, 100% used [0x00000000d5d80000,0x00000000da400000,0x00000000da400000)
  from space 5632K, 94% used [0x00000000daf80000,0x00000000db4b3030,0x00000000db500000)
  to   space 8704K, 0% used [0x00000000da400000,0x00000000da400000,0x00000000dac80000)
 ParOldGen       total 84480K, used 76680K [0x0000000081800000, 0x0000000086a80000, 0x00000000d5d80000)
  object space 84480K, 90% used [0x0000000081800000,0x00000000862e2170,0x0000000086a80000)
 Metaspace       used 19942K, capacity 20238K, committed 20608K, reserved 1067008K
  class space    used 2321K, capacity 2428K, committed 2432K, reserved 1048576K
Event: 644.608 GC heap after
Heap after GC invocations=208 (full 5):
 PSYoungGen      total 73728K, used 3240K [0x00000000d5d80000, 0x00000000db300000, 0x0000000100000000)
  eden space 70144K, 0% used [0x00000000d5d80000,0x00000000d5d80000,0x00000000da200000)
  from space 3584K, 90% used [0x00000000da400000,0x00000000da72a020,0x00000000da780000)
  to   space 8704K, 0% used [0x00000000daa80000,0x00000000daa80000,0x00000000db300000)
 ParOldGen       total 84480K, used 78496K [0x0000000081800000, 0x0000000086a80000, 0x00000000d5d80000)
  object space 84480K, 92% used [0x0000000081800000,0x00000000864a8190,0x0000000086a80000)
 Metaspace       used 19942K, capacity 20238K, committed 20608K, reserved 1067008K
  class space    used 2321K, capacity 2428K, committed 2432K, reserved 1048576K
}
Event: 645.273 GC heap before
{Heap before GC invocations=209 (full 5):
 PSYoungGen      total 73728K, used 73384K [0x00000000d5d80000, 0x00000000db300000, 0x0000000100000000)
  eden space 70144K, 100% used [0x00000000d5d80000,0x00000000da200000,0x00000000da200000)
  from space 3584K, 90% used [0x00000000da400000,0x00000000da72a020,0x00000000da780000)
  to   space 8704K, 0% used [0x00000000daa80000,0x00000000daa80000,0x00000000db300000)
 ParOldGen       total 84480K, used 78496K [0x0000000081800000, 0x0000000086a80000, 0x00000000d5d80000)
  object space 84480K, 92% used [0x0000000081800000,0x00000000864a8190,0x0000000086a80000)
 Metaspace       used 19942K, capacity 20238K, committed 20608K, reserved 1067008K
  class space    used 2321K, capacity 2428K, committed 2432K, reserved 1048576K
Event: 645.276 GC heap after
Heap after GC invocations=209 (full 5):
 PSYoungGen      total 75776K, used 1960K [0x00000000d5d80000, 0x00000000db200000, 0x0000000100000000)
  eden space 68096K, 0% used [0x00000000d5d80000,0x00000000d5d80000,0x00000000da000000)
  from space 7680K, 25% used [0x00000000daa80000,0x00000000dac6a020,0x00000000db200000)
  to   space 9216K, 0% used [0x00000000da000000,0x00000000da000000,0x00000000da900000)
 ParOldGen       total 84480K, used 80328K [0x0000000081800000, 0x0000000086a80000, 0x00000000d5d80000)
  object space 84480K, 95% used [0x0000000081800000,0x00000000866721b0,0x0000000086a80000)
 Metaspace       used 19942K, capacity 20238K, committed 20608K, reserved 1067008K
  class space    used 2321K, capacity 2428K, committed 2432K, reserved 1048576K
}
Event: 646.085 GC heap before
{Heap before GC invocations=210 (full 5):
 PSYoungGen      total 75776K, used 70056K [0x00000000d5d80000, 0x00000000db200000, 0x0000000100000000)
  eden space 68096K, 100% used [0x00000000d5d80000,0x00000000da000000,0x00000000da000000)
  from space 7680K, 25% used [0x00000000daa80000,0x00000000dac6a020,0x00000000db200000)
  to   space 9216K, 0% used [0x00000000da000000,0x00000000da000000,0x00000000da900000)
 ParOldGen       total 84480K, used 80328K [0x0000000081800000, 0x0000000086a80000, 0x00000000d5d80000)
  object space 84480K, 95% used [0x0000000081800000,0x00000000866721b0,0x0000000086a80000)
 Metaspace       used 19942K, capacity 20238K, committed 20608K, reserved 1067008K
  class space    used 2321K, capacity 2428K, committed 2432K, reserved 1048576K
Event: 646.090 GC heap after
Heap after GC invocations=210 (full 5):
 PSYoungGen      total 69632K, used 3528K [0x00000000d5d80000, 0x00000000daf00000, 0x0000000100000000)
  eden space 66048K, 0% used [0x00000000d5d80000,0x00000000d5d80000,0x00000000d9e00000)
  from space 3584K, 98% used [0x00000000da000000,0x00000000da372020,0x00000000da380000)
  to   space 8704K, 0% used [0x00000000da680000,0x00000000da680000,0x00000000daf00000)
 ParOldGen       total 84480K, used 82160K [0x0000000081800000, 0x0000000086a80000, 0x00000000d5d80000)
  object space 84480K, 97% used [0x0000000081800000,0x000000008683c1d0,0x0000000086a80000)
 Metaspace       used 19942K, capacity 20238K, committed 20608K, reserved 1067008K
  class space    used 2321K, capacity 2428K, committed 2432K, reserved 1048576K
}
Event: 646.090 GC heap before
{Heap before GC invocations=211 (full 6):
 PSYoungGen      total 69632K, used 3528K [0x00000000d5d80000, 0x00000000daf00000, 0x0000000100000000)
  eden space 66048K, 0% used [0x00000000d5d80000,0x00000000d5d80000,0x00000000d9e00000)
  from space 3584K, 98% used [0x00000000da000000,0x00000000da372020,0x00000000da380000)
  to   space 8704K, 0% used [0x00000000da680000,0x00000000da680000,0x00000000daf00000)
 ParOldGen       total 84480K, used 82160K [0x0000000081800000, 0x0000000086a80000, 0x00000000d5d80000)
  object space 84480K, 97% used [0x0000000081800000,0x000000008683c1d0,0x0000000086a80000)
 Metaspace       used 19942K, capacity 20238K, committed 20608K, reserved 1067008K
  class space    used 2321K, capacity 2428K, committed 2432K, reserved 1048576K
Event: 646.238 GC heap after
Heap after GC invocations=211 (full 6):
 PSYoungGen      total 69632K, used 0K [0x00000000d5d80000, 0x00000000daf00000, 0x0000000100000000)
  eden space 66048K, 0% used [0x00000000d5d80000,0x00000000d5d80000,0x00000000d9e00000)
  from space 3584K, 0% used [0x00000000da000000,0x00000000da000000,0x00000000da380000)
  to   space 8704K, 0% used [0x00000000da680000,0x00000000da680000,0x00000000daf00000)
 ParOldGen       total 79872K, used 44681K [0x0000000081800000, 0x0000000086600000, 0x00000000d5d80000)
  object space 79872K, 55% used [0x0000000081800000,0x00000000843a2590,0x0000000086600000)
 Metaspace       used 19942K, capacity 20238K, committed 20608K, reserved 1067008K
  class space    used 2321K, capacity 2428K, committed 2432K, reserved 1048576K
}

