# JRE version: Java(TM) SE Runtime Environment (8.0_40-b25) (build 1.8.0_40-b25)
# Java VM: Java HotSpot(TM) 64-Bit Server VM (25.40-b25 mixed mode windows-amd64 compressed oops)
Heap:
 PSYoungGen      total 72192K, used 18797K [0x00000000d5d80000, 0x00000000db600000, 0x0000000100000000)
  eden space 70144K, 26% used [0x00000000d5d80000,0x00000000d6fdb480,0x00000000da200000)
  from space 2048K, 0% used [0x00000000da400000,0x00000000da400000,0x00000000da600000)
  to   space 10240K, 0% used [0x00000000dac00000,0x00000000dac00000,0x00000000db600000)
 ParOldGen       total 83968K, used 43932K [0x0000000081800000, 0x0000000086a00000, 0x00000000d5d80000)
  object space 83968K, 52% used [0x0000000081800000,0x00000000842e7368,0x0000000086a00000)
 Metaspace       used 19830K, capacity 20174K, committed 20352K, reserved 1067008K
  class space    used 2323K, capacity 2428K, committed 2432K, reserved 1048576K
GC Heap History (10 events):
Event: 498.314 GC heap before
{Heap before GC invocations=421 (full 7):
 PSYoungGen      total 75264K, used 72612K [0x00000000d5d80000, 0x00000000dba00000, 0x0000000100000000)
  eden space 65536K, 100% used [0x00000000d5d80000,0x00000000d9d80000,0x00000000d9d80000)
  from space 9728K, 72% used [0x00000000d9d80000,0x00000000da469060,0x00000000da700000)
  to   space 10240K, 0% used [0x00000000db000000,0x00000000db000000,0x00000000dba00000)
 ParOldGen       total 87552K, used 83276K [0x0000000081800000, 0x0000000086d80000, 0x00000000d5d80000)
  object space 87552K, 95% used [0x0000000081800000,0x0000000086953298,0x0000000086d80000)
 Metaspace       used 19830K, capacity 20174K, committed 20352K, reserved 1067008K
  class space    used 2323K, capacity 2428K, committed 2432K, reserved 1048576K
Event: 498.320 GC heap after
Heap after GC invocations=421 (full 7):
 PSYoungGen      total 84480K, used 5608K [0x00000000d5d80000, 0x00000000dba00000, 0x0000000100000000)
  eden space 74240K, 0% used [0x00000000d5d80000,0x00000000d5d80000,0x00000000da600000)
  from space 10240K, 54% used [0x00000000db000000,0x00000000db57a040,0x00000000dba00000)
  to   space 10240K, 0% used [0x00000000da600000,0x00000000da600000,0x00000000db000000)
 ParOldGen       total 87552K, used 84200K [0x0000000081800000, 0x0000000086d80000, 0x00000000d5d80000)
  object space 87552K, 96% used [0x0000000081800000,0x0000000086a3a2a8,0x0000000086d80000)
 Metaspace       used 19830K, capacity 20174K, committed 20352K, reserved 1067008K
  class space    used 2323K, capacity 2428K, committed 2432K, reserved 1048576K
}
Event: 499.599 GC heap before
{Heap before GC invocations=422 (full 7):
 PSYoungGen      total 84480K, used 79848K [0x00000000d5d80000, 0x00000000dba00000, 0x0000000100000000)
  eden space 74240K, 100% used [0x00000000d5d80000,0x00000000da600000,0x00000000da600000)
  from space 10240K, 54% used [0x00000000db000000,0x00000000db57a040,0x00000000dba00000)
  to   space 10240K, 0% used [0x00000000da600000,0x00000000da600000,0x00000000db000000)
 ParOldGen       total 87552K, used 84200K [0x0000000081800000, 0x0000000086d80000, 0x00000000d5d80000)
  object space 87552K, 96% used [0x0000000081800000,0x0000000086a3a2a8,0x0000000086d80000)
 Metaspace       used 19830K, capacity 20174K, committed 20352K, reserved 1067008K
  class space    used 2323K, capacity 2428K, committed 2432K, reserved 1048576K
Event: 499.603 GC heap after
Heap after GC invocations=422 (full 7):
 PSYoungGen      total 79360K, used 6808K [0x00000000d5d80000, 0x00000000db800000, 0x0000000100000000)
  eden space 72192K, 0% used [0x00000000d5d80000,0x00000000d5d80000,0x00000000da400000)
  from space 7168K, 94% used [0x00000000da600000,0x00000000daca6050,0x00000000dad00000)
  to   space 10240K, 0% used [0x00000000dae00000,0x00000000dae00000,0x00000000db800000)
 ParOldGen       total 87552K, used 84216K [0x0000000081800000, 0x0000000086d80000, 0x00000000d5d80000)
  object space 87552K, 96% used [0x0000000081800000,0x0000000086a3e2a8,0x0000000086d80000)
 Metaspace       used 19830K, capacity 20174K, committed 20352K, reserved 1067008K
  class space    used 2323K, capacity 2428K, committed 2432K, reserved 1048576K
}
Event: 499.939 GC heap before
{Heap before GC invocations=423 (full 7):
 PSYoungGen      total 79360K, used 79000K [0x00000000d5d80000, 0x00000000db800000, 0x0000000100000000)
  eden space 72192K, 100% used [0x00000000d5d80000,0x00000000da400000,0x00000000da400000)
  from space 7168K, 94% used [0x00000000da600000,0x00000000daca6050,0x00000000dad00000)
  to   space 10240K, 0% used [0x00000000dae00000,0x00000000dae00000,0x00000000db800000)
 ParOldGen       total 87552K, used 84216K [0x0000000081800000, 0x0000000086d80000, 0x00000000d5d80000)
  object space 87552K, 96% used [0x0000000081800000,0x0000000086a3e2a8,0x0000000086d80000)
 Metaspace       used 19830K, capacity 20174K, committed 20352K, reserved 1067008K
  class space    used 2323K, capacity 2428K, committed 2432K, reserved 1048576K
Event: 499.943 GC heap after
Heap after GC invocations=423 (full 7):
 PSYoungGen      total 82432K, used 5356K [0x00000000d5d80000, 0x00000000dc200000, 0x0000000100000000)
  eden space 72192K, 0% used [0x00000000d5d80000,0x00000000d5d80000,0x00000000da400000)
  from space 10240K, 52% used [0x00000000dae00000,0x00000000db33b030,0x00000000db800000)
  to   space 10240K, 0% used [0x00000000da400000,0x00000000da400000,0x00000000dae00000)
 ParOldGen       total 87552K, used 84240K [0x0000000081800000, 0x0000000086d80000, 0x00000000d5d80000)
  object space 87552K, 96% used [0x0000000081800000,0x0000000086a442a8,0x0000000086d80000)
 Metaspace       used 19830K, capacity 20174K, committed 20352K, reserved 1067008K
  class space    used 2323K, capacity 2428K, committed 2432K, reserved 1048576K
}
Event: 501.262 GC heap before
{Heap before GC invocations=424 (full 7):
 PSYoungGen      total 82432K, used 77548K [0x00000000d5d80000, 0x00000000dc200000, 0x0000000100000000)
  eden space 72192K, 100% used [0x00000000d5d80000,0x00000000da400000,0x00000000da400000)
  from space 10240K, 52% used [0x00000000dae00000,0x00000000db33b030,0x00000000db800000)
  to   space 10240K, 0% used [0x00000000da400000,0x00000000da400000,0x00000000dae00000)
 ParOldGen       total 87552K, used 84240K [0x0000000081800000, 0x0000000086d80000, 0x00000000d5d80000)
  object space 87552K, 96% used [0x0000000081800000,0x0000000086a442a8,0x0000000086d80000)
 Metaspace       used 19830K, capacity 20174K, committed 20352K, reserved 1067008K
  class space    used 2323K, capacity 2428K, committed 2432K, reserved 1048576K
Event: 501.265 GC heap after
Heap after GC invocations=424 (full 7):
 PSYoungGen      total 72192K, used 1828K [0x00000000d5d80000, 0x00000000db600000, 0x0000000100000000)
  eden space 70144K, 0% used [0x00000000d5d80000,0x00000000d5d80000,0x00000000da200000)
  from space 2048K, 89% used [0x00000000da400000,0x00000000da5c9010,0x00000000da600000)
  to   space 10240K, 0% used [0x00000000dac00000,0x00000000dac00000,0x00000000db600000)
 ParOldGen       total 87552K, used 86064K [0x0000000081800000, 0x0000000086d80000, 0x00000000d5d80000)
  object space 87552K, 98% used [0x0000000081800000,0x0000000086c0c2c8,0x0000000086d80000)
 Metaspace       used 19830K, capacity 20174K, committed 20352K, reserved 1067008K
  class space    used 2323K, capacity 2428K, committed 2432K, reserved 1048576K
}
Event: 501.265 GC heap before
{Heap before GC invocations=425 (full 8):
 PSYoungGen      total 72192K, used 1828K [0x00000000d5d80000, 0x00000000db600000, 0x0000000100000000)
  eden space 70144K, 0% used [0x00000000d5d80000,0x00000000d5d80000,0x00000000da200000)
  from space 2048K, 89% used [0x00000000da400000,0x00000000da5c9010,0x00000000da600000)
  to   space 10240K, 0% used [0x00000000dac00000,0x00000000dac00000,0x00000000db600000)
 ParOldGen       total 87552K, used 86064K [0x0000000081800000, 0x0000000086d80000, 0x00000000d5d80000)
  object space 87552K, 98% used [0x0000000081800000,0x0000000086c0c2c8,0x0000000086d80000)
 Metaspace       used 19830K, capacity 20174K, committed 20352K, reserved 1067008K
  class space    used 2323K, capacity 2428K, committed 2432K, reserved 1048576K
Event: 501.423 GC heap after
Heap after GC invocations=425 (full 8):
 PSYoungGen      total 72192K, used 0K [0x00000000d5d80000, 0x00000000db600000, 0x0000000100000000)
  eden space 70144K, 0% used [0x00000000d5d80000,0x00000000d5d80000,0x00000000da200000)
  from space 2048K, 0% used [0x00000000da400000,0x00000000da400000,0x00000000da600000)
  to   space 10240K, 0% used [0x00000000dac00000,0x00000000dac00000,0x00000000db600000)
 ParOldGen       total 83968K, used 43932K [0x0000000081800000, 0x0000000086a00000, 0x00000000d5d80000)
  object space 83968K, 52% used [0x0000000081800000,0x00000000842e7368,0x0000000086a00000)
 Metaspace       used 19830K, capacity 20174K, committed 20352K, reserved 1067008K
  class space    used 2323K, capacity 2428K, committed 2432K, reserved 1048576K
}

