# JRE version: Java(TM) SE Runtime Environment (8.0_40-b25) (build 1.8.0_40-b25)
# Java VM: Java HotSpot(TM) 64-Bit Server VM (25.40-b25 mixed mode windows-amd64 compressed oops)
Heap:
 PSYoungGen      total 69120K, used 25621K [0x00000000d5d80000, 0x00000000db380000, 0x0000000100000000)
  eden space 60416K, 42% used [0x00000000d5d80000,0x00000000d7685788,0x00000000d9880000)
  from space 8704K, 0% used [0x00000000d9880000,0x00000000d9880000,0x00000000da100000)
  to   space 8704K, 0% used [0x00000000dab00000,0x00000000dab00000,0x00000000db380000)
 ParOldGen       total 80384K, used 42198K [0x0000000081800000, 0x0000000086680000, 0x00000000d5d80000)
  object space 80384K, 52% used [0x0000000081800000,0x0000000084135920,0x0000000086680000)
 Metaspace       used 19722K, capacity 19982K, committed 20352K, reserved 1067008K
  class space    used 2322K, capacity 2428K, committed 2432K, reserved 1048576K
GC Heap History (10 events):
Event: 686.789 GC heap before
{Heap before GC invocations=279 (full 3):
 PSYoungGen      total 57344K, used 56852K [0x00000000d5d80000, 0x00000000da280000, 0x0000000100000000)
  eden space 52224K, 100% used [0x00000000d5d80000,0x00000000d9080000,0x00000000d9080000)
  from space 5120K, 90% used [0x00000000d9200000,0x00000000d9685050,0x00000000d9700000)
  to   space 9216K, 0% used [0x00000000d9980000,0x00000000d9980000,0x00000000da280000)
 ParOldGen       total 79872K, used 74324K [0x0000000081800000, 0x0000000086600000, 0x00000000d5d80000)
  object space 79872K, 93% used [0x0000000081800000,0x0000000086095170,0x0000000086600000)
 Metaspace       used 19722K, capacity 19982K, committed 20352K, reserved 1067008K
  class space    used 2322K, capacity 2428K, committed 2432K, reserved 1048576K
Event: 686.791 GC heap after
Heap after GC invocations=279 (full 3):
 PSYoungGen      total 61440K, used 3728K [0x00000000d5d80000, 0x00000000daa80000, 0x0000000100000000)
  eden space 52224K, 0% used [0x00000000d5d80000,0x00000000d5d80000,0x00000000d9080000)
  from space 9216K, 40% used [0x00000000d9980000,0x00000000d9d24040,0x00000000da280000)
  to   space 9216K, 0% used [0x00000000d9080000,0x00000000d9080000,0x00000000d9980000)
 ParOldGen       total 79872K, used 74340K [0x0000000081800000, 0x0000000086600000, 0x00000000d5d80000)
  object space 79872K, 93% used [0x0000000081800000,0x0000000086099170,0x0000000086600000)
 Metaspace       used 19722K, capacity 19982K, committed 20352K, reserved 1067008K
  class space    used 2322K, capacity 2428K, committed 2432K, reserved 1048576K
}
Event: 686.952 GC heap before
{Heap before GC invocations=280 (full 3):
 PSYoungGen      total 61440K, used 55952K [0x00000000d5d80000, 0x00000000daa80000, 0x0000000100000000)
  eden space 52224K, 100% used [0x00000000d5d80000,0x00000000d9080000,0x00000000d9080000)
  from space 9216K, 40% used [0x00000000d9980000,0x00000000d9d24040,0x00000000da280000)
  to   space 9216K, 0% used [0x00000000d9080000,0x00000000d9080000,0x00000000d9980000)
 ParOldGen       total 79872K, used 74340K [0x0000000081800000, 0x0000000086600000, 0x00000000d5d80000)
  object space 79872K, 93% used [0x0000000081800000,0x0000000086099170,0x0000000086600000)
 Metaspace       used 19722K, capacity 19982K, committed 20352K, reserved 1067008K
  class space    used 2322K, capacity 2428K, committed 2432K, reserved 1048576K
Event: 686.955 GC heap after
Heap after GC invocations=280 (full 3):
 PSYoungGen      total 61440K, used 3728K [0x00000000d5d80000, 0x00000000da980000, 0x0000000100000000)
  eden space 52224K, 0% used [0x00000000d5d80000,0x00000000d5d80000,0x00000000d9080000)
  from space 9216K, 40% used [0x00000000d9080000,0x00000000d9424040,0x00000000d9980000)
  to   space 8704K, 0% used [0x00000000da100000,0x00000000da100000,0x00000000da980000)
 ParOldGen       total 79872K, used 74356K [0x0000000081800000, 0x0000000086600000, 0x00000000d5d80000)
  object space 79872K, 93% used [0x0000000081800000,0x000000008609d170,0x0000000086600000)
 Metaspace       used 19722K, capacity 19982K, committed 20352K, reserved 1067008K
  class space    used 2322K, capacity 2428K, committed 2432K, reserved 1048576K
}
Event: 687.122 GC heap before
{Heap before GC invocations=281 (full 3):
 PSYoungGen      total 61440K, used 55952K [0x00000000d5d80000, 0x00000000da980000, 0x0000000100000000)
  eden space 52224K, 100% used [0x00000000d5d80000,0x00000000d9080000,0x00000000d9080000)
  from space 9216K, 40% used [0x00000000d9080000,0x00000000d9424040,0x00000000d9980000)
  to   space 8704K, 0% used [0x00000000da100000,0x00000000da100000,0x00000000da980000)
 ParOldGen       total 79872K, used 74356K [0x0000000081800000, 0x0000000086600000, 0x00000000d5d80000)
  object space 79872K, 93% used [0x0000000081800000,0x000000008609d170,0x0000000086600000)
 Metaspace       used 19722K, capacity 19982K, committed 20352K, reserved 1067008K
  class space    used 2322K, capacity 2428K, committed 2432K, reserved 1048576K
Event: 687.125 GC heap after
Heap after GC invocations=281 (full 3):
 PSYoungGen      total 69120K, used 3728K [0x00000000d5d80000, 0x00000000daa00000, 0x0000000100000000)
  eden space 60416K, 0% used [0x00000000d5d80000,0x00000000d5d80000,0x00000000d9880000)
  from space 8704K, 42% used [0x00000000da100000,0x00000000da4a4040,0x00000000da980000)
  to   space 8704K, 0% used [0x00000000d9880000,0x00000000d9880000,0x00000000da100000)
 ParOldGen       total 79872K, used 74372K [0x0000000081800000, 0x0000000086600000, 0x00000000d5d80000)
  object space 79872K, 93% used [0x0000000081800000,0x00000000860a1170,0x0000000086600000)
 Metaspace       used 19722K, capacity 19982K, committed 20352K, reserved 1067008K
  class space    used 2322K, capacity 2428K, committed 2432K, reserved 1048576K
}
Event: 687.310 GC heap before
{Heap before GC invocations=282 (full 3):
 PSYoungGen      total 69120K, used 64144K [0x00000000d5d80000, 0x00000000daa00000, 0x0000000100000000)
  eden space 60416K, 100% used [0x00000000d5d80000,0x00000000d9880000,0x00000000d9880000)
  from space 8704K, 42% used [0x00000000da100000,0x00000000da4a4040,0x00000000da980000)
  to   space 8704K, 0% used [0x00000000d9880000,0x00000000d9880000,0x00000000da100000)
 ParOldGen       total 79872K, used 74372K [0x0000000081800000, 0x0000000086600000, 0x00000000d5d80000)
  object space 79872K, 93% used [0x0000000081800000,0x00000000860a1170,0x0000000086600000)
 Metaspace       used 19722K, capacity 19982K, committed 20352K, reserved 1067008K
  class space    used 2322K, capacity 2428K, committed 2432K, reserved 1048576K
Event: 687.313 GC heap after
Heap after GC invocations=282 (full 3):
 PSYoungGen      total 69120K, used 128K [0x00000000d5d80000, 0x00000000db380000, 0x0000000100000000)
  eden space 60416K, 0% used [0x00000000d5d80000,0x00000000d5d80000,0x00000000d9880000)
  from space 8704K, 1% used [0x00000000d9880000,0x00000000d98a0000,0x00000000da100000)
  to   space 8704K, 0% used [0x00000000dab00000,0x00000000dab00000,0x00000000db380000)
 ParOldGen       total 79872K, used 78904K [0x0000000081800000, 0x0000000086600000, 0x00000000d5d80000)
  object space 79872K, 98% used [0x0000000081800000,0x000000008650e1c0,0x0000000086600000)
 Metaspace       used 19722K, capacity 19982K, committed 20352K, reserved 1067008K
  class space    used 2322K, capacity 2428K, committed 2432K, reserved 1048576K
}
Event: 687.313 GC heap before
{Heap before GC invocations=283 (full 4):
 PSYoungGen      total 69120K, used 128K [0x00000000d5d80000, 0x00000000db380000, 0x0000000100000000)
  eden space 60416K, 0% used [0x00000000d5d80000,0x00000000d5d80000,0x00000000d9880000)
  from space 8704K, 1% used [0x00000000d9880000,0x00000000d98a0000,0x00000000da100000)
  to   space 8704K, 0% used [0x00000000dab00000,0x00000000dab00000,0x00000000db380000)
 ParOldGen       total 79872K, used 78904K [0x0000000081800000, 0x0000000086600000, 0x00000000d5d80000)
  object space 79872K, 98% used [0x0000000081800000,0x000000008650e1c0,0x0000000086600000)
 Metaspace       used 19722K, capacity 19982K, committed 20352K, reserved 1067008K
  class space    used 2322K, capacity 2428K, committed 2432K, reserved 1048576K
Event: 687.461 GC heap after
Heap after GC invocations=283 (full 4):
 PSYoungGen      total 69120K, used 0K [0x00000000d5d80000, 0x00000000db380000, 0x0000000100000000)
  eden space 60416K, 0% used [0x00000000d5d80000,0x00000000d5d80000,0x00000000d9880000)
  from space 8704K, 0% used [0x00000000d9880000,0x00000000d9880000,0x00000000da100000)
  to   space 8704K, 0% used [0x00000000dab00000,0x00000000dab00000,0x00000000db380000)
 ParOldGen       total 80384K, used 42198K [0x0000000081800000, 0x0000000086680000, 0x00000000d5d80000)
  object space 80384K, 52% used [0x0000000081800000,0x0000000084135920,0x0000000086680000)
 Metaspace       used 19722K, capacity 19982K, committed 20352K, reserved 1067008K
  class space    used 2322K, capacity 2428K, committed 2432K, reserved 1048576K
}

