# JRE version: Java(TM) SE Runtime Environment (8.0_40-b25) (build 1.8.0_40-b25)
# Java VM: Java HotSpot(TM) 64-Bit Server VM (25.40-b25 mixed mode windows-amd64 compressed oops)
Heap:
 PSYoungGen      total 39424K, used 7636K [0x00000000d5d80000, 0x00000000d9400000, 0x0000000100000000)
  eden space 35328K, 21% used [0x00000000d5d80000,0x00000000d64f5178,0x00000000d8000000)
  from space 4096K, 0% used [0x00000000d8080000,0x00000000d8080000,0x00000000d8480000)
  to   space 10240K, 0% used [0x00000000d8a00000,0x00000000d8a00000,0x00000000d9400000)
 ParOldGen       total 78336K, used 44893K [0x0000000081800000, 0x0000000086480000, 0x00000000d5d80000)
  object space 78336K, 57% used [0x0000000081800000,0x00000000843d7600,0x0000000086480000)
 Metaspace       used 19678K, capacity 19982K, committed 20352K, reserved 1067008K
  class space    used 2322K, capacity 2428K, committed 2432K, reserved 1048576K
GC Heap History (10 events):
Event: 653.278 GC heap before
{Heap before GC invocations=197 (full 3):
 PSYoungGen      total 43520K, used 36404K [0x00000000d5d80000, 0x00000000d9780000, 0x0000000100000000)
  eden space 31744K, 100% used [0x00000000d5d80000,0x00000000d7c80000,0x00000000d7c80000)
  from space 11776K, 39% used [0x00000000d7c80000,0x00000000d810d050,0x00000000d8800000)
  to   space 11264K, 0% used [0x00000000d8c80000,0x00000000d8c80000,0x00000000d9780000)
 ParOldGen       total 80384K, used 76109K [0x0000000081800000, 0x0000000086680000, 0x00000000d5d80000)
  object space 80384K, 94% used [0x0000000081800000,0x00000000862534c8,0x0000000086680000)
 Metaspace       used 19678K, capacity 19982K, committed 20352K, reserved 1067008K
  class space    used 2322K, capacity 2428K, committed 2432K, reserved 1048576K
Event: 653.281 GC heap after
Heap after GC invocations=197 (full 3):
 PSYoungGen      total 48128K, used 6460K [0x00000000d5d80000, 0x00000000d9780000, 0x0000000100000000)
  eden space 36864K, 0% used [0x00000000d5d80000,0x00000000d5d80000,0x00000000d8180000)
  from space 11264K, 57% used [0x00000000d8c80000,0x00000000d92cf070,0x00000000d9780000)
  to   space 11264K, 0% used [0x00000000d8180000,0x00000000d8180000,0x00000000d8c80000)
 ParOldGen       total 80384K, used 76117K [0x0000000081800000, 0x0000000086680000, 0x00000000d5d80000)
  object space 80384K, 94% used [0x0000000081800000,0x00000000862554c8,0x0000000086680000)
 Metaspace       used 19678K, capacity 19982K, committed 20352K, reserved 1067008K
  class space    used 2322K, capacity 2428K, committed 2432K, reserved 1048576K
}
Event: 655.416 GC heap before
{Heap before GC invocations=198 (full 3):
 PSYoungGen      total 48128K, used 43324K [0x00000000d5d80000, 0x00000000d9780000, 0x0000000100000000)
  eden space 36864K, 100% used [0x00000000d5d80000,0x00000000d8180000,0x00000000d8180000)
  from space 11264K, 57% used [0x00000000d8c80000,0x00000000d92cf070,0x00000000d9780000)
  to   space 11264K, 0% used [0x00000000d8180000,0x00000000d8180000,0x00000000d8c80000)
 ParOldGen       total 80384K, used 76117K [0x0000000081800000, 0x0000000086680000, 0x00000000d5d80000)
  object space 80384K, 94% used [0x0000000081800000,0x00000000862554c8,0x0000000086680000)
 Metaspace       used 19678K, capacity 19982K, committed 20352K, reserved 1067008K
  class space    used 2322K, capacity 2428K, committed 2432K, reserved 1048576K
Event: 655.420 GC heap after
Heap after GC invocations=198 (full 3):
 PSYoungGen      total 41984K, used 5560K [0x00000000d5d80000, 0x00000000d9600000, 0x0000000100000000)
  eden space 36352K, 0% used [0x00000000d5d80000,0x00000000d5d80000,0x00000000d8100000)
  from space 5632K, 98% used [0x00000000d8180000,0x00000000d86ee060,0x00000000d8700000)
  to   space 10752K, 0% used [0x00000000d8b80000,0x00000000d8b80000,0x00000000d9600000)
 ParOldGen       total 80384K, used 76125K [0x0000000081800000, 0x0000000086680000, 0x00000000d5d80000)
  object space 80384K, 94% used [0x0000000081800000,0x00000000862574c8,0x0000000086680000)
 Metaspace       used 19678K, capacity 19982K, committed 20352K, reserved 1067008K
  class space    used 2322K, capacity 2428K, committed 2432K, reserved 1048576K
}
Event: 657.542 GC heap before
{Heap before GC invocations=199 (full 3):
 PSYoungGen      total 41984K, used 41912K [0x00000000d5d80000, 0x00000000d9600000, 0x0000000100000000)
  eden space 36352K, 100% used [0x00000000d5d80000,0x00000000d8100000,0x00000000d8100000)
  from space 5632K, 98% used [0x00000000d8180000,0x00000000d86ee060,0x00000000d8700000)
  to   space 10752K, 0% used [0x00000000d8b80000,0x00000000d8b80000,0x00000000d9600000)
 ParOldGen       total 80384K, used 76125K [0x0000000081800000, 0x0000000086680000, 0x00000000d5d80000)
  object space 80384K, 94% used [0x0000000081800000,0x00000000862574c8,0x0000000086680000)
 Metaspace       used 19678K, capacity 19982K, committed 20352K, reserved 1067008K
  class space    used 2322K, capacity 2428K, committed 2432K, reserved 1048576K
Event: 657.545 GC heap after
Heap after GC invocations=199 (full 3):
 PSYoungGen      total 46080K, used 3760K [0x00000000d5d80000, 0x00000000d9580000, 0x0000000100000000)
  eden space 35840K, 0% used [0x00000000d5d80000,0x00000000d5d80000,0x00000000d8080000)
  from space 10240K, 36% used [0x00000000d8b80000,0x00000000d8f2c040,0x00000000d9580000)
  to   space 10752K, 0% used [0x00000000d8080000,0x00000000d8080000,0x00000000d8b00000)
 ParOldGen       total 80384K, used 77949K [0x0000000081800000, 0x0000000086680000, 0x00000000d5d80000)
  object space 80384K, 96% used [0x0000000081800000,0x000000008641f4e8,0x0000000086680000)
 Metaspace       used 19678K, capacity 19982K, committed 20352K, reserved 1067008K
  class space    used 2322K, capacity 2428K, committed 2432K, reserved 1048576K
}
Event: 659.657 GC heap before
{Heap before GC invocations=200 (full 3):
 PSYoungGen      total 46080K, used 39600K [0x00000000d5d80000, 0x00000000d9580000, 0x0000000100000000)
  eden space 35840K, 100% used [0x00000000d5d80000,0x00000000d8080000,0x00000000d8080000)
  from space 10240K, 36% used [0x00000000d8b80000,0x00000000d8f2c040,0x00000000d9580000)
  to   space 10752K, 0% used [0x00000000d8080000,0x00000000d8080000,0x00000000d8b00000)
 ParOldGen       total 80384K, used 77949K [0x0000000081800000, 0x0000000086680000, 0x00000000d5d80000)
  object space 80384K, 96% used [0x0000000081800000,0x000000008641f4e8,0x0000000086680000)
 Metaspace       used 19678K, capacity 19982K, committed 20352K, reserved 1067008K
  class space    used 2322K, capacity 2428K, committed 2432K, reserved 1048576K
Event: 659.660 GC heap after
Heap after GC invocations=200 (full 3):
 PSYoungGen      total 39424K, used 3728K [0x00000000d5d80000, 0x00000000d9400000, 0x0000000100000000)
  eden space 35328K, 0% used [0x00000000d5d80000,0x00000000d5d80000,0x00000000d8000000)
  from space 4096K, 91% used [0x00000000d8080000,0x00000000d8424040,0x00000000d8480000)
  to   space 10240K, 0% used [0x00000000d8a00000,0x00000000d8a00000,0x00000000d9400000)
 ParOldGen       total 80384K, used 79757K [0x0000000081800000, 0x0000000086680000, 0x00000000d5d80000)
  object space 80384K, 99% used [0x0000000081800000,0x00000000865e3508,0x0000000086680000)
 Metaspace       used 19678K, capacity 19982K, committed 20352K, reserved 1067008K
  class space    used 2322K, capacity 2428K, committed 2432K, reserved 1048576K
}
Event: 659.660 GC heap before
{Heap before GC invocations=201 (full 4):
 PSYoungGen      total 39424K, used 3728K [0x00000000d5d80000, 0x00000000d9400000, 0x0000000100000000)
  eden space 35328K, 0% used [0x00000000d5d80000,0x00000000d5d80000,0x00000000d8000000)
  from space 4096K, 91% used [0x00000000d8080000,0x00000000d8424040,0x00000000d8480000)
  to   space 10240K, 0% used [0x00000000d8a00000,0x00000000d8a00000,0x00000000d9400000)
 ParOldGen       total 80384K, used 79757K [0x0000000081800000, 0x0000000086680000, 0x00000000d5d80000)
  object space 80384K, 99% used [0x0000000081800000,0x00000000865e3508,0x0000000086680000)
 Metaspace       used 19678K, capacity 19982K, committed 20352K, reserved 1067008K
  class space    used 2322K, capacity 2428K, committed 2432K, reserved 1048576K
Event: 659.808 GC heap after
Heap after GC invocations=201 (full 4):
 PSYoungGen      total 39424K, used 0K [0x00000000d5d80000, 0x00000000d9400000, 0x0000000100000000)
  eden space 35328K, 0% used [0x00000000d5d80000,0x00000000d5d80000,0x00000000d8000000)
  from space 4096K, 0% used [0x00000000d8080000,0x00000000d8080000,0x00000000d8480000)
  to   space 10240K, 0% used [0x00000000d8a00000,0x00000000d8a00000,0x00000000d9400000)
 ParOldGen       total 78336K, used 44893K [0x0000000081800000, 0x0000000086480000, 0x00000000d5d80000)
  object space 78336K, 57% used [0x0000000081800000,0x00000000843d7600,0x0000000086480000)
 Metaspace       used 19678K, capacity 19982K, committed 20352K, reserved 1067008K
  class space    used 2322K, capacity 2428K, committed 2432K, reserved 1048576K
}

